[2016-06-24 12:53:33] slim-app.INFO: test [] []
[2016-06-24 13:06:53] slim-app.INFO: Reservation list [] []
[2016-06-24 13:08:22] slim-app.INFO: Reservation list [] []
[2016-06-24 13:13:51] slim-app.INFO: Reservation list [] []
[2016-06-24 13:27:32] slim-app.INFO: Reservation list [] []
[2016-06-24 13:28:09] slim-app.INFO: Reservation list [] []
[2016-06-24 13:28:29] slim-app.INFO: Reservation list [] []
[2016-06-24 13:28:54] slim-app.INFO: Reservation list [] []
[2016-06-24 13:29:02] slim-app.INFO: Reservation list [] []
[2016-06-24 13:29:22] slim-app.INFO: Reservation list [] []
[2016-06-24 13:29:59] slim-app.INFO: Reservation list [] []
[2016-06-24 13:30:11] slim-app.INFO: Reservation list [] []
[2016-06-24 13:32:44] slim-app.INFO: Reservation list [] []
[2016-06-24 13:33:29] slim-app.INFO: Reservation list [] []
[2016-06-24 13:33:51] slim-app.INFO: Reservation list [] []
[2016-06-24 13:34:52] slim-app.INFO: Reservation list [] []
[2016-06-24 13:34:55] slim-app.INFO: Reservation list [] []
[2016-06-24 13:35:02] slim-app.INFO: Reservation list [] []
[2016-06-24 13:35:31] slim-app.INFO: Reservation list [] []
[2016-06-24 13:35:32] slim-app.INFO: Reservation list [] []
[2016-06-24 13:35:32] slim-app.INFO: Reservation list [] []
[2016-06-24 13:35:33] slim-app.INFO: Reservation list [] []
[2016-06-24 13:35:33] slim-app.INFO: Reservation list [] []
[2016-06-24 13:35:33] slim-app.INFO: Reservation list [] []
[2016-06-24 13:35:33] slim-app.INFO: Reservation list [] []
[2016-06-24 13:35:34] slim-app.INFO: Reservation list [] []
[2016-06-24 13:35:34] slim-app.INFO: Reservation list [] []
[2016-06-24 13:35:34] slim-app.INFO: Reservation list [] []
[2016-06-24 13:40:33] slim-app.INFO: Reservation list [] []
[2016-06-24 13:40:57] slim-app.INFO: Reservation list [] []
[2016-06-24 13:40:58] slim-app.INFO: Reservation list [] []
[2016-06-24 13:40:59] slim-app.INFO: Reservation list [] []
[2016-06-24 13:40:59] slim-app.INFO: Reservation list [] []
[2016-06-24 13:40:59] slim-app.INFO: Reservation list [] []
[2016-06-24 13:41:00] slim-app.INFO: Reservation list [] []
[2016-06-24 13:41:00] slim-app.INFO: Reservation list [] []
[2016-06-24 13:41:00] slim-app.INFO: Reservation list [] []
[2016-06-24 13:41:01] slim-app.INFO: Reservation list [] []
[2016-06-24 13:41:01] slim-app.INFO: Reservation list [] []
[2016-06-24 13:41:02] slim-app.INFO: Reservation list [] []
[2016-06-24 13:41:02] slim-app.INFO: Reservation list [] []
[2016-06-24 13:41:02] slim-app.INFO: Reservation list [] []
[2016-06-24 13:41:03] slim-app.INFO: Reservation list [] []
[2016-06-24 13:41:03] slim-app.INFO: Reservation list [] []
[2016-06-24 13:41:04] slim-app.INFO: Reservation list [] []
[2016-06-24 13:41:04] slim-app.INFO: Reservation list [] []
[2016-06-24 13:41:05] slim-app.INFO: Reservation list [] []
[2016-06-24 13:41:05] slim-app.INFO: Reservation list [] []
[2016-06-24 13:41:14] slim-app.INFO: Reservation list [] []
[2016-06-24 13:42:26] slim-app.INFO: Reservation list [] []
[2016-06-24 13:42:46] slim-app.INFO: Reservation list [] []
[2016-06-24 13:43:10] slim-app.INFO: Reservation list [] []
[2016-06-24 13:44:14] slim-app.INFO: Reservation list [] []
[2016-06-24 13:45:56] slim-app.INFO: Reservation list [] []
[2016-06-24 13:46:21] slim-app.INFO: Reservation list [] []
[2016-06-24 13:48:26] slim-app.INFO: Reservation list [] []
[2016-06-24 13:49:00] slim-app.INFO: Reservation list [] []
[2016-06-24 13:50:42] slim-app.INFO: Reservation list [] []
[2016-06-24 13:50:48] slim-app.INFO: Reservation list [] []
[2016-06-24 13:51:31] slim-app.INFO: Reservation list [] []
[2016-06-24 13:52:38] slim-app.INFO: Reservation list [] []
[2016-06-24 13:52:39] slim-app.INFO: Reservation list [] []
[2016-06-24 13:52:40] slim-app.INFO: Reservation list [] []
[2016-06-24 13:52:40] slim-app.INFO: Reservation list [] []
[2016-06-24 13:52:41] slim-app.INFO: Reservation list [] []
[2016-06-24 13:52:41] slim-app.INFO: Reservation list [] []
[2016-06-24 13:52:41] slim-app.INFO: Reservation list [] []
[2016-06-24 13:52:41] slim-app.INFO: Reservation list [] []
[2016-06-24 13:52:42] slim-app.INFO: Reservation list [] []
[2016-06-24 13:52:42] slim-app.INFO: Reservation list [] []
[2016-06-24 13:52:42] slim-app.INFO: Reservation list [] []
[2016-06-24 13:52:42] slim-app.INFO: Reservation list [] []
[2016-06-24 13:52:51] slim-app.INFO: Reservation list [] []
[2016-06-24 13:52:53] slim-app.INFO: Reservation list [] []
[2016-06-24 13:52:53] slim-app.INFO: Reservation list [] []
[2016-06-24 13:53:16] slim-app.INFO: Reservation list [] []
[2016-06-24 13:53:17] slim-app.INFO: Reservation list [] []
[2016-06-24 13:53:18] slim-app.INFO: Reservation list [] []
[2016-06-24 13:53:19] slim-app.INFO: Reservation list [] []
[2016-06-24 13:53:19] slim-app.INFO: Reservation list [] []
[2016-06-24 13:53:33] slim-app.INFO: Reservation list [] []
[2016-06-24 13:53:34] slim-app.INFO: Reservation list [] []
[2016-06-24 13:56:06] slim-app.INFO: Reservation list [] []
[2016-06-24 13:56:08] slim-app.INFO: Reservation list [] []
[2016-06-24 13:56:13] slim-app.INFO: Reservation list [] []
[2016-06-24 13:56:38] slim-app.INFO: Reservation list [] []
[2016-06-24 14:26:32] slim-app.INFO: Request for reservation #2 [] []
[2016-06-24 14:26:43] slim-app.INFO: Request for reservation #5 [] []
[2016-06-24 14:26:43] slim-app.INFO: Request for reservation #5 [] []
[2016-06-24 14:26:58] slim-app.INFO: Request for reservation #5 [] []
[2016-06-24 14:27:05] slim-app.INFO: Reservation list [] []
[2016-06-24 15:00:16] slim-app.INFO: Request for reservation #5 [] []
[2016-06-27 08:35:17] slim-app.INFO: Reservation list [] []
[2016-06-27 08:35:19] slim-app.INFO: Reservation list [] []
[2016-06-27 08:35:25] slim-app.INFO: Request for reservation #5 [] []
[2016-06-27 08:35:32] slim-app.INFO: Request for reservation with IP: 1.123.123.124 [] []
[2016-06-27 08:37:19] slim-app.INFO: Request for reservation with IP: 1.123.123.124 [] []
[2016-06-27 08:37:20] slim-app.INFO: Request for reservation with IP: 1.123.123.124 [] []
[2016-06-27 08:37:38] slim-app.INFO: Request for reservation with IP: 1.123.123.124 [] []
[2016-06-27 08:38:08] slim-app.INFO: Request for reservation with IP: 1.123.123.124 [] []
[2016-06-27 08:38:09] slim-app.INFO: Request for reservation with IP: 1.123.123.124 [] []
[2016-06-27 08:38:09] slim-app.INFO: Request for reservation with IP: 1.123.123.124 [] []
[2016-06-27 08:38:09] slim-app.INFO: Request for reservation with IP: 1.123.123.124 [] []
[2016-06-27 08:38:09] slim-app.INFO: Request for reservation with IP: 1.123.123.124 [] []
[2016-06-27 08:38:10] slim-app.INFO: Request for reservation with IP: 1.123.123.124 [] []
[2016-06-27 08:38:10] slim-app.INFO: Request for reservation with IP: 1.123.123.124 [] []
[2016-06-27 08:38:10] slim-app.INFO: Request for reservation with IP: 1.123.123.124 [] []
[2016-06-27 08:38:10] slim-app.INFO: Request for reservation with IP: 1.123.123.124 [] []
[2016-06-27 08:38:11] slim-app.INFO: Request for reservation with IP: 1.123.123.124 [] []
[2016-06-27 08:38:11] slim-app.INFO: Request for reservation with IP: 1.123.123.124 [] []
[2016-06-27 08:38:11] slim-app.INFO: Request for reservation with IP: 1.123.123.124 [] []
[2016-06-27 08:38:12] slim-app.INFO: Request for reservation with IP: 1.123.123.124 [] []
[2016-06-27 08:38:12] slim-app.INFO: Request for reservation with IP: 1.123.123.124 [] []
[2016-06-27 08:38:13] slim-app.INFO: Request for reservation with IP: 1.123.123.124 [] []
[2016-06-27 08:38:13] slim-app.INFO: Request for reservation with IP: 1.123.123.124 [] []
[2016-06-27 08:38:13] slim-app.INFO: Request for reservation with IP: 1.123.123.124 [] []
[2016-06-27 08:38:14] slim-app.INFO: Request for reservation with IP: 1.123.123.124 [] []
[2016-06-27 08:38:14] slim-app.INFO: Request for reservation with IP: 1.123.123.124 [] []
[2016-06-27 08:38:14] slim-app.INFO: Request for reservation with IP: 1.123.123.124 [] []
[2016-06-27 08:38:15] slim-app.INFO: Request for reservation with IP: 1.123.123.124 [] []
[2016-06-27 08:39:12] slim-app.INFO: Request for reservation with IP: 1.123.123.124 [] []
[2016-06-27 08:39:13] slim-app.INFO: Request for reservation with IP: 1.123.123.124 [] []
[2016-06-27 08:39:14] slim-app.INFO: Request for reservation with IP: 1.123.123.124 [] []
[2016-06-27 08:39:14] slim-app.INFO: Request for reservation with IP: 1.123.123.124 [] []
[2016-06-27 08:39:14] slim-app.INFO: Request for reservation with IP: 1.123.123.124 [] []
[2016-06-27 08:39:19] slim-app.INFO: Request for reservation with IP: 1.123.123.125 [] []
[2016-06-27 08:39:22] slim-app.INFO: Request for reservation with IP: 1.123.123.124 [] []
[2016-06-27 08:44:18] slim-app.INFO: Request for reservation with IP: 1.123.123.124 [] []
[2016-06-27 08:44:19] slim-app.INFO: Request for reservation with IP: 1.123.123.124 [] []
[2016-06-27 08:44:19] slim-app.INFO: Request for reservation with IP: 1.123.123.124 [] []
[2016-06-27 08:44:19] slim-app.INFO: Request for reservation with IP: 1.123.123.124 [] []
[2016-06-27 08:44:20] slim-app.INFO: Request for reservation with IP: 1.123.123.124 [] []
[2016-06-27 08:44:20] slim-app.INFO: Request for reservation with IP: 1.123.123.124 [] []
[2016-06-27 08:45:05] slim-app.INFO: Request for reservation with IP: 1.123.123.124 [] []
[2016-06-27 08:45:06] slim-app.INFO: Request for reservation with IP: 1.123.123.124 [] []
[2016-06-27 08:45:06] slim-app.INFO: Request for reservation with IP: 1.123.123.124 [] []
[2016-06-27 08:45:07] slim-app.INFO: Request for reservation with IP: 1.123.123.124 [] []
[2016-06-27 08:45:07] slim-app.INFO: Request for reservation with IP: 1.123.123.124 [] []
[2016-06-27 08:45:07] slim-app.INFO: Request for reservation with IP: 1.123.123.124 [] []
[2016-06-27 08:45:07] slim-app.INFO: Request for reservation with IP: 1.123.123.124 [] []
[2016-06-27 08:45:08] slim-app.INFO: Request for reservation with IP: 1.123.123.124 [] []
[2016-06-27 08:45:08] slim-app.INFO: Request for reservation with IP: 1.123.123.124 [] []
[2016-06-27 08:45:08] slim-app.INFO: Request for reservation with IP: 1.123.123.124 [] []
[2016-06-27 08:45:09] slim-app.INFO: Request for reservation with IP: 1.123.123.124 [] []
[2016-06-27 08:45:18] slim-app.INFO: Request for reservation with IP: 1.123.123.124 [] []
[2016-06-27 08:45:19] slim-app.INFO: Request for reservation with IP: 1.123.123.124 [] []
[2016-06-27 08:45:38] slim-app.INFO: Request for reservation with IP: 1.123.123.124 [] []
[2016-06-27 08:45:53] slim-app.INFO: Request for reservation with IP: 1.123.123.124 [] []
[2016-06-27 08:45:59] slim-app.INFO: Request for reservation with IP: 1.123.123.124 [] []
[2016-06-27 08:46:09] slim-app.INFO: Request for reservation with IP: 1.123.123.124 [] []
[2016-06-27 08:46:31] slim-app.INFO: Request for reservation with IP: 1.123.123.124 [] []
[2016-06-27 08:47:03] slim-app.INFO: Request for reservation with IP: 1.123.123.124 [] []
[2016-06-27 08:47:14] slim-app.INFO: Request for reservation with IP: 1.123.123.124 [] []
[2016-06-27 08:47:28] slim-app.INFO: Request for reservation with IP: 1.123.123.124 [] []
[2016-06-27 08:47:28] slim-app.INFO: Request for reservation with IP: 1.123.123.124 [] []
[2016-06-27 08:47:29] slim-app.INFO: Request for reservation with IP: 1.123.123.124 [] []
[2016-06-27 08:48:37] slim-app.INFO: Request for reservation with IP: 1.123.123.124 [] []
[2016-06-27 08:51:30] slim-app.INFO: Request for reservation with IP:  [] []
[2016-06-27 08:51:34] slim-app.INFO: Request for reservation with IP:  [] []
[2016-06-27 08:51:52] slim-app.INFO: Request for reservation with MAC: 1234.1234.ABCD [] []
[2016-06-27 08:52:48] slim-app.INFO: Request for reservation with MAC: 1234.1234.ABCD [] []
[2016-06-27 12:29:54] slim-app.INFO: Request for reservation with MAC: 1234.1234.ABCD [] []
[2016-06-27 13:11:38] slim-app.INFO: Request for reservation with MAC: 1234.1234.ABCD [] []
[2016-06-27 13:12:07] slim-app.INFO: Request for reservation with MAC: 1234.1234.ABCD [] []
[2016-06-27 13:12:53] slim-app.INFO: Request for reservation with MAC: 1234.1234.ABCD [] []
[2016-06-27 13:12:53] slim-app.INFO: Request for reservation with MAC: 1234.1234.ABCD [] []
[2016-06-27 13:12:59] slim-app.INFO: Request for reservation with MAC: 1234.1234.ABCD [] []
[2016-06-27 13:13:13] slim-app.INFO: Request for reservation with MAC: 1234.1234.ABCD [] []
[2016-06-27 13:13:15] slim-app.INFO: Request for reservation with MAC: 1234.1234.ABCD [] []
[2016-06-27 13:13:15] slim-app.INFO: Request for reservation with MAC: 1234.1234.ABCD [] []
[2016-06-27 13:13:16] slim-app.INFO: Request for reservation with MAC: 1234.1234.ABCD [] []
[2016-06-27 13:13:16] slim-app.INFO: Request for reservation with MAC: 1234.1234.ABCD [] []
[2016-06-27 13:13:16] slim-app.INFO: Request for reservation with MAC: 1234.1234.ABCD [] []
[2016-06-27 13:13:16] slim-app.INFO: Request for reservation with MAC: 1234.1234.ABCD [] []
[2016-06-27 13:13:17] slim-app.INFO: Request for reservation with MAC: 1234.1234.ABCD [] []
[2016-06-27 13:14:42] slim-app.INFO: Request for reservation with MAC: 1234.1234.ABCd [] []
[2016-06-27 13:14:42] slim-app.INFO: Request for reservation with MAC: 1234.1234.ABCd [] []
[2016-06-27 13:14:43] slim-app.INFO: Request for reservation with MAC: 1234.1234.ABCd [] []
[2016-06-27 13:15:10] slim-app.INFO: Request for reservation with MAC: 1234.1234.ABCd [] []
[2016-06-27 13:18:31] slim-app.INFO: Reservation list [] []
[2016-06-27 13:24:45] slim-app.INFO: Reservation list [] []
[2016-06-27 13:24:46] slim-app.INFO: Reservation list [] []
[2016-06-27 13:24:46] slim-app.INFO: Reservation list [] []
[2016-06-27 13:24:46] slim-app.INFO: Reservation list [] []
[2016-06-27 13:24:46] slim-app.INFO: Reservation list [] []
[2016-06-27 13:24:47] slim-app.INFO: Reservation list [] []
[2016-06-27 13:24:47] slim-app.INFO: Reservation list [] []
[2016-06-27 13:24:53] slim-app.INFO: Reservation list [] []
[2016-06-27 13:25:08] slim-app.INFO: Reservation list [] []
[2016-06-27 13:25:08] slim-app.INFO: Reservation list [] []
[2016-06-27 13:25:09] slim-app.INFO: Reservation list [] []
[2016-06-27 13:25:09] slim-app.INFO: Reservation list [] []
[2016-06-27 13:25:09] slim-app.INFO: Reservation list [] []
[2016-06-27 13:31:01] slim-app.INFO: Reservation list [] []
[2016-06-27 13:31:02] slim-app.INFO: Reservation list [] []
[2016-06-27 13:31:02] slim-app.INFO: Reservation list [] []
[2016-06-27 13:31:02] slim-app.INFO: Reservation list [] []
[2016-06-27 13:33:57] slim-app.INFO: Reservation list [] []
[2016-06-27 13:42:14] slim-app.INFO: Reservation list [] []
[2016-06-27 13:44:37] slim-app.INFO: Reservation list [] []
[2016-06-27 13:44:38] slim-app.INFO: Reservation list [] []
[2016-06-27 13:44:56] slim-app.INFO: Reservation list [] []
[2016-06-27 13:45:15] slim-app.INFO: Reservation list [] []
[2016-06-27 13:46:41] slim-app.INFO: Reservation list [] []
[2016-06-27 13:47:45] slim-app.INFO: Reservation list [] []
[2016-06-27 13:48:23] slim-app.INFO: Reservation list [] []
[2016-06-27 13:49:09] slim-app.INFO: Reservation list [] []
[2016-06-27 13:50:30] slim-app.INFO: Reservation list [] []
[2016-06-27 13:50:31] slim-app.INFO: Reservation list [] []
[2016-06-27 13:50:31] slim-app.INFO: Reservation list [] []
[2016-06-27 13:50:31] slim-app.INFO: Reservation list [] []
[2016-06-27 13:50:31] slim-app.INFO: Reservation list [] []
[2016-06-27 13:50:32] slim-app.INFO: Reservation list [] []
[2016-06-27 13:50:32] slim-app.INFO: Reservation list [] []
[2016-06-27 13:50:33] slim-app.INFO: Reservation list [] []
[2016-06-27 13:50:33] slim-app.INFO: Reservation list [] []
[2016-06-27 13:50:33] slim-app.INFO: Reservation list [] []
[2016-06-27 13:50:34] slim-app.INFO: Reservation list [] []
[2016-06-27 13:52:30] slim-app.INFO: Reservation list [] []
[2016-06-27 13:52:54] slim-app.INFO: Reservation list [] []
[2016-06-27 13:59:03] slim-app.INFO: Reservation list [] []
[2016-06-27 14:21:13] slim-app.INFO: Reservation list [] []
[2016-06-27 14:24:44] slim-app.INFO: Reservation list [] []
[2016-06-27 14:25:24] slim-app.INFO: Reservation list [] []
[2016-06-27 14:38:13] slim-app.INFO: Reservation list [] []
[2016-06-27 14:38:44] slim-app.INFO: Reservation list [] []
[2016-06-27 14:41:12] slim-app.INFO: Reservation list [] []
[2016-06-27 14:42:02] slim-app.INFO: Reservation list [] []
[2016-06-27 14:42:11] slim-app.INFO: Reservation list for subnet #1 [] []
[2016-06-27 14:42:59] slim-app.INFO: Reservation list for subnet #2 [] []
[2016-06-27 14:45:43] slim-app.INFO: Reservation list for subnet #2 [] []
[2016-06-27 14:45:51] slim-app.INFO: Reservation list for subnet #2 [] []
[2016-06-27 14:46:25] slim-app.INFO: Reservation list for subnet #2 [] []
[2016-06-27 14:46:26] slim-app.INFO: Reservation list for subnet #2 [] []
[2016-06-27 14:46:26] slim-app.INFO: Reservation list for subnet #2 [] []
[2016-06-27 14:46:26] slim-app.INFO: Reservation list for subnet #2 [] []
[2016-06-27 14:46:26] slim-app.INFO: Reservation list for subnet #2 [] []
[2016-06-27 14:46:28] slim-app.INFO: Reservation list for subnet #1 [] []
[2016-06-27 14:46:30] slim-app.INFO: Reservation list for subnet #2 [] []
[2016-06-27 14:54:02] slim-app.INFO: Reservation list for subnet #2 [] []
[2016-06-27 15:11:24] slim-app.INFO: Reservation list for subnet #2 [] []
[2016-06-27 15:12:55] slim-app.INFO: Reservation list for subnet #2 [] []
[2016-06-27 15:12:56] slim-app.INFO: Reservation list for subnet #2 [] []
[2016-06-27 15:12:56] slim-app.INFO: Reservation list for subnet #2 [] []
[2016-06-27 15:12:56] slim-app.INFO: Reservation list for subnet #2 [] []
[2016-06-27 15:12:57] slim-app.INFO: Reservation list for subnet #2 [] []
[2016-06-27 15:12:58] slim-app.INFO: Reservation list for subnet #2 [] []
[2016-06-27 15:16:16] slim-app.INFO: Reservation list for subnet #2 [] []
[2016-06-27 15:17:16] slim-app.INFO: Reservation list for subnet #2 [] []
[2016-06-27 15:17:17] slim-app.INFO: Reservation list for subnet #2 [] []
[2016-06-27 15:17:17] slim-app.INFO: Reservation list for subnet #2 [] []
[2016-06-27 15:17:18] slim-app.INFO: Reservation list for subnet #2 [] []
[2016-06-27 15:17:18] slim-app.INFO: Reservation list for subnet #2 [] []
[2016-06-27 15:17:18] slim-app.INFO: Reservation list for subnet #2 [] []
[2016-06-27 15:17:18] slim-app.INFO: Reservation list for subnet #2 [] []
[2016-06-27 15:17:19] slim-app.INFO: Reservation list for subnet #2 [] []
[2016-06-27 15:17:19] slim-app.INFO: Reservation list for subnet #2 [] []
[2016-06-27 15:17:19] slim-app.INFO: Reservation list for subnet #2 [] []
[2016-06-27 15:17:27] slim-app.INFO: Reservation list for subnet #2 [] []
[2016-06-27 15:17:32] slim-app.INFO: Reservation list for subnet #2 [] []
[2016-06-27 15:17:53] slim-app.INFO: Reservation list for subnet #2 [] []
[2016-06-27 15:18:04] slim-app.INFO: Reservation list for subnet #2 [] []
[2016-06-27 15:19:42] slim-app.INFO: Reservation list for subnet #2 [] []
[2016-06-27 15:19:47] slim-app.INFO: Reservation list for subnet #2 [] []
[2016-06-27 15:20:01] slim-app.INFO: Reservation list for subnet #2 [] []
[2016-06-27 15:20:02] slim-app.INFO: Reservation list for subnet #2 [] []
[2016-06-27 15:20:02] slim-app.INFO: Reservation list for subnet #2 [] []
[2016-06-27 15:20:02] slim-app.INFO: Reservation list for subnet #2 [] []
[2016-06-27 15:20:06] slim-app.INFO: Reservation list for subnet #2 [] []
[2016-06-27 15:20:06] slim-app.INFO: Reservation list for subnet #2 [] []
[2016-06-27 15:20:06] slim-app.INFO: Reservation list for subnet #2 [] []
[2016-06-27 15:20:23] slim-app.INFO: Reservation list for subnet #2 [] []
[2016-06-27 15:20:23] slim-app.INFO: Reservation list for subnet #2 [] []
[2016-06-27 15:20:24] slim-app.INFO: Reservation list for subnet #2 [] []
[2016-06-27 15:20:25] slim-app.INFO: Reservation list for subnet #2 [] []
[2016-06-27 15:20:25] slim-app.INFO: Reservation list for subnet #2 [] []
[2016-06-27 15:20:28] slim-app.INFO: Reservation list for subnet #2 [] []
[2016-06-27 15:20:28] slim-app.INFO: Reservation list for subnet #2 [] []
[2016-06-27 15:20:29] slim-app.INFO: Reservation list for subnet #2 [] []
[2016-06-27 15:20:29] slim-app.INFO: Reservation list for subnet #2 [] []
[2016-06-27 15:20:29] slim-app.INFO: Reservation list for subnet #2 [] []
[2016-06-27 15:20:30] slim-app.INFO: Reservation list for subnet #2 [] []
[2016-06-27 15:20:32] slim-app.INFO: Reservation list for subnet #2 [] []
[2016-06-27 15:20:33] slim-app.INFO: Reservation list for subnet #2 [] []
[2016-06-27 15:20:33] slim-app.INFO: Reservation list for subnet #2 [] []
[2016-06-27 15:20:34] slim-app.INFO: Reservation list for subnet #2 [] []
[2016-06-27 15:20:41] slim-app.INFO: Reservation list for subnet #2 [] []
[2016-06-27 15:20:41] slim-app.INFO: Reservation list for subnet #2 [] []
[2016-06-27 15:20:43] slim-app.INFO: Reservation list for subnet #2 [] []
[2016-06-27 15:21:10] slim-app.INFO: Reservation list for subnet #2 [] []
[2016-06-27 15:21:10] slim-app.INFO: Reservation list for subnet #2 [] []
[2016-06-27 15:21:11] slim-app.INFO: Reservation list for subnet #2 [] []
[2016-06-27 15:21:11] slim-app.INFO: Reservation list for subnet #2 [] []
[2016-06-27 15:22:06] slim-app.INFO: Reservation list for subnet #2 [] []
[2016-06-27 15:22:07] slim-app.INFO: Reservation list for subnet #2 [] []
[2016-06-27 15:22:11] slim-app.INFO: Reservation list for subnet #2 [] []
[2016-06-27 15:31:36] slim-app.INFO: Reservation list for subnet #2 [] []
[2016-06-27 15:31:46] slim-app.INFO: Reservation list [] []
[2016-06-27 15:31:50] slim-app.INFO: Reservation list [] []
[2016-06-27 15:32:09] slim-app.INFO: Reservation list [] []
[2016-06-27 15:35:58] slim-app.INFO: Reservation list [] []
[2016-06-27 15:36:19] slim-app.INFO: Reservation list for subnet # [] []
[2016-06-27 15:36:19] slim-app.INFO: Reservation list for subnet # [] []
[2016-06-27 15:36:22] slim-app.INFO: Reservation list for subnet # [] []
[2016-06-27 15:42:22] slim-app.INFO: Reservation list for subnet # [] []
[2016-06-27 15:42:28] slim-app.INFO: Request for reservation #6 [] []
[2016-06-27 15:42:57] slim-app.INFO: Request for reservation #6 [] []
[2016-06-27 15:43:02] slim-app.INFO: Request for reservation #6 [] []
[2016-06-27 15:43:53] slim-app.INFO: Request for reservation #6 [] []
[2016-06-27 15:43:54] slim-app.INFO: Request for reservation #6 [] []
[2016-06-27 15:43:54] slim-app.INFO: Request for reservation #6 [] []
[2016-06-27 15:43:57] slim-app.INFO: Request for reservation #4 [] []
[2016-06-27 15:43:59] slim-app.INFO: Request for reservation #2 [] []
[2016-06-27 15:44:50] slim-app.INFO: Request for reservation #2 [] []
[2016-06-27 15:44:51] slim-app.INFO: Request for reservation #2 [] []
[2016-06-27 15:44:51] slim-app.INFO: Request for reservation #2 [] []
[2016-06-27 15:44:52] slim-app.INFO: Request for reservation #2 [] []
[2016-06-27 15:44:53] slim-app.INFO: Request for reservation #2 [] []
[2016-06-27 15:44:53] slim-app.INFO: Request for reservation #2 [] []
[2016-06-27 15:45:03] slim-app.INFO: Request for reservation #2 [] []
[2016-06-27 15:45:04] slim-app.INFO: Request for reservation #2 [] []
[2016-06-27 15:45:07] slim-app.INFO: Request for reservation #6 [] []
[2016-06-27 15:46:04] slim-app.INFO: Request for reservation #6 [] []
[2016-06-27 15:46:05] slim-app.INFO: Request for reservation #6 [] []
[2016-06-27 15:46:05] slim-app.INFO: Request for reservation #6 [] []
[2016-06-27 15:49:05] slim-app.INFO: Request for reservation #6 [] []
[2016-06-27 15:49:17] slim-app.INFO: Request for reservation with IP: 1.1.1.1 [] []
[2016-06-27 15:49:20] slim-app.INFO: Request for reservation with IP: 1.1.1.2 [] []
[2016-06-27 15:49:40] slim-app.INFO: Request for reservation with IP: 1.1.1.2 [] []
[2016-06-27 15:49:57] slim-app.INFO: Request for reservation with IP: 1.1.1.2 [] []
[2016-06-27 15:50:46] slim-app.INFO: Request for reservation with IP: 1.1.1.2 [] []
[2016-06-27 15:51:34] slim-app.INFO: Request for reservation with IP: 1.1.1.2 [] []
[2016-06-27 15:51:34] slim-app.INFO: Request for reservation with IP: 1.1.1.2 [] []
[2016-06-27 15:51:35] slim-app.INFO: Request for reservation with IP: 1.1.1.2 [] []
[2016-06-27 15:51:35] slim-app.INFO: Request for reservation with IP: 1.1.1.2 [] []
[2016-06-27 15:51:35] slim-app.INFO: Request for reservation with IP: 1.1.1.2 [] []
[2016-06-27 15:51:36] slim-app.INFO: Request for reservation with IP: 1.1.1.2 [] []
[2016-06-27 15:51:36] slim-app.INFO: Request for reservation with IP: 1.1.1.2 [] []
[2016-06-27 15:51:36] slim-app.INFO: Request for reservation with IP: 1.1.1.2 [] []
[2016-06-27 15:51:37] slim-app.INFO: Request for reservation with IP: 1.1.1.2 [] []
[2016-06-27 15:51:50] slim-app.INFO: Request for reservation with IP: 1.1.1.2 [] []
[2016-06-27 15:52:19] slim-app.INFO: Request for reservation with IP: 1.1.1.2 [] []
[2016-06-27 15:52:31] slim-app.INFO: Request for reservation with IP: 1.1.1.2 [] []
[2016-06-27 15:52:32] slim-app.INFO: Request for reservation with IP: 1.1.1.2 [] []
[2016-06-27 15:52:32] slim-app.INFO: Request for reservation with IP: 1.1.1.2 [] []
[2016-06-27 15:54:32] slim-app.INFO: Request for reservation with MAC: 1234.5678.abcd [] []
[2016-06-27 15:54:32] slim-app.INFO: Request for reservation with MAC: 1234.5678.abcd [] []
[2016-06-27 15:55:19] slim-app.INFO: Request for reservation with MAC: 1234.5678.abcd [] []
[2016-06-27 15:55:19] slim-app.INFO: Request for reservation with MAC: 1234.5678.abcd [] []
[2016-06-27 15:55:36] slim-app.INFO: Request for reservation with MAC: 1234.5678.abcd [] []
[2016-06-27 15:55:36] slim-app.INFO: Request for reservation with MAC: 1234.5678.abcd [] []
[2016-06-27 15:55:37] slim-app.INFO: Request for reservation with MAC: 1234.5678.abcd [] []
[2016-06-27 15:55:37] slim-app.INFO: Request for reservation with MAC: 1234.5678.abcd [] []
[2016-06-27 15:56:05] slim-app.INFO: Request for reservation with MAC: 1234.5678.abcd [] []
[2016-06-27 15:56:05] slim-app.INFO: Request for reservation with MAC: 1234.5678.abcd [] []
[2016-06-27 15:56:06] slim-app.INFO: Request for reservation with MAC: 1234.5678.abcd [] []
[2016-06-27 15:56:06] slim-app.INFO: Request for reservation with MAC: 1234.5678.abcd [] []
[2016-06-27 15:56:06] slim-app.INFO: Request for reservation with MAC: 1234.5678.abcd [] []
[2016-06-27 15:56:25] slim-app.INFO: Request for reservation with MAC: 1234.5678.abcd [] []
[2016-06-27 15:56:38] slim-app.INFO: Request for reservation with MAC: 1234.5678.abcd [] []
[2016-06-27 15:56:49] slim-app.INFO: Request for reservation with MAC: 1234.5678.abcd [] []
[2016-06-27 15:56:50] slim-app.INFO: Request for reservation with MAC: 1234.5678.abcd [] []
[2016-06-27 15:56:51] slim-app.INFO: Request for reservation with MAC: 1234.5678.abcd [] []
[2016-06-27 15:56:52] slim-app.INFO: Request for reservation with MAC: 1234.5678.abcd [] []
[2016-06-27 15:56:54] slim-app.INFO: Request for reservation with MAC: 1234.5678.abcd [] []
[2016-06-27 15:57:07] slim-app.INFO: Request for reservation with MAC: 1234.5678.abcd [] []
[2016-06-27 15:57:08] slim-app.INFO: Request for reservation with MAC: 1234.5678.abcd [] []
[2016-06-27 15:57:08] slim-app.INFO: Request for reservation with MAC: 1234.5678.abcd [] []
[2016-06-27 15:57:08] slim-app.INFO: Request for reservation with MAC: 1234.5678.abcd [] []
[2016-06-27 15:57:09] slim-app.INFO: Request for reservation with MAC: 1234.5678.abcd [] []
[2016-06-27 15:57:09] slim-app.INFO: Request for reservation with MAC: 1234.5678.abcd [] []
[2016-06-27 15:57:09] slim-app.INFO: Request for reservation with MAC: 1234.5678.abcd [] []
[2016-06-27 15:57:10] slim-app.INFO: Request for reservation with MAC: 1234.5678.abcd [] []
[2016-06-27 15:57:10] slim-app.INFO: Request for reservation with MAC: 1234.5678.abcd [] []
[2016-06-27 15:57:10] slim-app.INFO: Request for reservation with MAC: 1234.5678.abcd [] []
[2016-06-27 15:57:11] slim-app.INFO: Request for reservation with MAC: 1234.5678.abcd [] []
[2016-06-27 15:57:11] slim-app.INFO: Request for reservation with MAC: 1234.5678.abcd [] []
[2016-06-27 15:57:22] slim-app.INFO: Request for reservation with MAC: 1234.5678.abcd [] []
[2016-06-27 15:57:23] slim-app.INFO: Request for reservation with MAC: 1234.5678.abcd [] []
[2016-06-27 15:57:23] slim-app.INFO: Request for reservation with MAC: 1234.5678.abcd [] []
[2016-06-27 15:57:24] slim-app.INFO: Request for reservation with MAC: 1234.5678.abcd [] []
[2016-06-27 15:57:24] slim-app.INFO: Request for reservation with MAC: 1234.5678.abcd [] []
[2016-06-27 15:57:34] slim-app.INFO: Request for reservation with MAC: 1234.5678.abcd [] []
[2016-06-27 15:57:46] slim-app.INFO: Request for reservation with MAC: 1234.5678.abcd [] []
[2016-06-27 15:57:46] slim-app.INFO: Request for reservation with MAC: 1234.5678.abcd [] []
[2016-06-27 15:57:47] slim-app.INFO: Request for reservation with MAC: 1234.5678.abcd [] []
[2016-06-27 15:57:47] slim-app.INFO: Request for reservation with MAC: 1234.5678.abcd [] []
[2016-06-27 15:57:47] slim-app.INFO: Request for reservation with MAC: 1234.5678.abcd [] []
[2016-06-27 15:57:47] slim-app.INFO: Request for reservation with MAC: 1234.5678.abcd [] []
[2016-06-27 15:57:48] slim-app.INFO: Request for reservation with MAC: 1234.5678.abcd [] []
[2016-06-27 15:57:48] slim-app.INFO: Request for reservation with MAC: 1234.5678.abcd [] []
[2016-06-27 15:57:59] slim-app.INFO: Request for reservation with MAC: 1234.5678.abcd [] []
[2016-06-27 15:58:00] slim-app.INFO: Request for reservation with MAC: 1234.5678.abcd [] []
[2016-06-27 15:58:00] slim-app.INFO: Request for reservation with MAC: 1234.5678.abcd [] []
[2016-06-27 15:58:01] slim-app.INFO: Request for reservation with MAC: 1234.5678.abcd [] []
[2016-06-27 15:58:01] slim-app.INFO: Request for reservation with MAC: 1234.5678.abcd [] []
[2016-06-27 15:58:02] slim-app.INFO: Request for reservation with MAC: 1234.5678.abcd [] []
[2016-06-27 15:58:09] slim-app.INFO: Request for reservation with MAC: 1234.5678.abcd [] []
[2016-06-27 15:58:09] slim-app.INFO: Request for reservation with MAC: 1234.5678.abcd [] []
[2016-06-27 15:58:10] slim-app.INFO: Request for reservation with MAC: 1234.5678.abcd [] []
[2016-06-27 15:58:10] slim-app.INFO: Request for reservation with MAC: 1234.5678.abcd [] []
[2016-06-27 15:58:11] slim-app.INFO: Request for reservation with MAC: 1234.5678.abcd [] []
[2016-06-27 15:58:11] slim-app.INFO: Request for reservation with MAC: 1234.5678.abcd [] []
[2016-06-27 15:58:11] slim-app.INFO: Request for reservation with MAC: 1234.5678.abcd [] []
[2016-06-27 15:58:12] slim-app.INFO: Request for reservation with MAC: 1234.5678.abcd [] []
[2016-06-27 15:58:12] slim-app.INFO: Request for reservation with MAC: 1234.5678.abcd [] []
[2016-06-27 15:58:13] slim-app.INFO: Request for reservation with MAC: 1234.5678.abcd [] []
[2016-06-27 16:00:25] slim-app.INFO: Request for reservation with MAC: 1234.5678.abcd [] []
[2016-06-27 16:00:31] slim-app.INFO: Request for reservation with MAC: 1234.5678.abcD [] []
[2016-06-27 16:01:46] slim-app.INFO: Request for reservation with MAC: 1234.5678.abcD [] []
[2016-06-27 16:01:47] slim-app.INFO: Request for reservation with MAC: 1234.5678.abcD [] []
[2016-06-27 16:01:48] slim-app.INFO: Request for reservation with MAC: 1234.5678.abcD [] []
[2016-06-27 16:01:48] slim-app.INFO: Request for reservation with MAC: 1234.5678.abcD [] []
[2016-06-27 16:04:15] slim-app.INFO: Request for reservation with MAC: 1234.5678.abcD [] []
[2016-06-27 16:04:16] slim-app.INFO: Request for reservation with MAC: 1234.5678.abcD [] []
[2016-06-27 16:04:16] slim-app.INFO: Request for reservation with MAC: 1234.5678.abcD [] []
[2016-06-27 16:04:16] slim-app.INFO: Request for reservation with MAC: 1234.5678.abcD [] []
[2016-06-27 16:04:17] slim-app.INFO: Request for reservation with MAC: 1234.5678.abcD [] []
[2016-06-27 16:04:17] slim-app.INFO: Request for reservation with MAC: 1234.5678.abcD [] []
[2016-06-27 16:04:44] slim-app.INFO: Request for reservation with MAC: 12:34:56:78:ab:cd [] []
[2016-06-27 16:04:44] slim-app.INFO: Request for reservation with MAC: 12:34:56:78:ab:cd [] []
[2016-06-27 16:04:45] slim-app.INFO: Request for reservation with MAC: 12:34:56:78:ab:cd [] []
[2016-06-27 16:04:47] slim-app.INFO: Request for reservation with MAC: 12:34:56:78:ab-cd [] []
[2016-06-27 16:08:06] slim-app.INFO: Request for reservation with MAC: 12:34:56:78:ab-cd [] []
[2016-06-27 16:08:07] slim-app.INFO: Request for reservation with MAC: 12:34:56:78:ab-cd [] []
[2016-06-27 16:08:07] slim-app.INFO: Request for reservation with MAC: 12:34:56:78:ab-cd [] []
[2016-06-27 16:08:07] slim-app.INFO: Request for reservation with MAC: 12:34:56:78:ab-cd [] []
[2016-06-27 16:08:07] slim-app.INFO: Request for reservation with MAC: 12:34:56:78:ab-cd [] []
[2016-06-27 16:08:16] slim-app.INFO: Request for reservation with MAC: 12:34:56:78:ab-cd [] []
[2016-06-28 11:20:15] slim-app.INFO: Request for reservation with MAC: 12:34:56:78:ab-cd [] []
[2016-07-05 13:22:48] slim-app.INFO: Request for reservation with MAC: 12:34:56:78:ab-cd [] []
